<?xml version="1.0" encoding="utf-8"?><testsuites name="pytest tests"><testsuite name="pytest" errors="0" failures="0" skipped="0" tests="40" time="10.096" timestamp="2026-09-21T13:57:13.108185+00:00" hostname="agent-env-7c056240-1373-49b0-b9c1-f5e57086cf69"><testcase classname="tests.test_lpk_mvp.TestDashboard" name="test_dashboard[hari]" time="3.773" /><testcase classname="tests.test_lpk_mvp.TestStudents" name="test_list_enriched" time="3.907" /><testcase classname="tests.test_lpk_mvp.TestDashboard" name="test_dashboard[minggu]" time="0.187" /><testcase classname="tests.test_lpk_mvp.TestDashboard" name="test_dashboard[bulan]" time="0.135" /><testcase classname="tests.test_lpk_mvp.TestStudents" name="test_created_default_feeplan" time="0.364" /><testcase classname="tests.test_lpk_mvp.TestDashboard" name="test_dashboard[tahun]" time="0.202" /><testcase classname="tests.test_lpk_mvp.TestStudents" name="test_status_change" time="0.336" /><testcase classname="tests.test_lpk_mvp.TestDashboard" name="test_dashboard_guru_no_finance" time="0.137" /><testcase classname="tests.test_lpk_mvp.TestDashboard" name="test_notifications" time="0.167" /><testcase classname="tests.test_lpk_mvp.TestDashboard" name="test_search" time="0.237" /><testcase classname="tests.test_lpk_mvp.TestStudents" name="test_selection" time="0.150" /><testcase classname="tests.test_lpk_mvp.TestStudents" name="test_documents_checklist" time="0.136" /><testcase classname="tests.test_lpk_mvp.TestDashboard" name="test_audit_logs" time="0.147" /><testcase classname="tests.test_lpk_mvp.TestStudents" name="test_doc_status_toggle" time="0.142" /><testcase classname="tests.test_lpk_mvp.TestDashboard" name="test_reports[students]" time="0.165" /><testcase classname="tests.test_lpk_mvp.TestStudents" name="test_doc_upload_and_download" time="0.675" /><testcase classname="tests.test_lpk_mvp.TestDashboard" name="test_reports[finance]" time="0.272" /><testcase classname="tests.test_lpk_mvp.TestDashboard" name="test_reports[hr]" time="0.288" /><testcase classname="tests.test_lpk_mvp.TestAuth" name="test_login_owner" time="0.371" /><testcase classname="tests.test_lpk_mvp.TestDashboard" name="test_reports[training]" time="0.371" /><testcase classname="tests.test_lpk_mvp.TestAuth" name="test_login_wrong_password" time="0.357" /><testcase classname="tests.test_lpk_mvp.TestAuth" name="test_me" time="0.167" /><testcase classname="tests.test_lpk_mvp.TestPayments" name="test_create_payment" time="1.051" /><testcase classname="tests.test_lpk_mvp.TestAuth" name="test_guru_cannot_post_payment" time="0.116" /><testcase classname="tests.test_lpk_mvp.TestAuth" name="test_finance_cannot_post_employee" time="0.174" /><testcase classname="tests.test_lpk_mvp.TestAuth" name="test_nonowner_cannot_create_user" time="0.158" /><testcase classname="tests.test_lpk_mvp.TestFinance" name="test_summary" time="0.136" /><testcase classname="tests.test_lpk_mvp.TestPayments" name="test_receipt" time="0.147" /><testcase classname="tests.test_lpk_mvp.TestFinance" name="test_expense_reduces_saldo" time="0.481" /><testcase classname="tests.test_lpk_mvp.TestPayments" name="test_update_without_alasan" time="0.169" /><testcase classname="tests.test_lpk_mvp.TestPayments" name="test_update_with_alasan" time="0.151" /><testcase classname="tests.test_lpk_mvp.TestPayments" name="test_arrears" time="0.177" /><testcase classname="tests.test_lpk_mvp.TestFinance" name="test_tx_update_needs_alasan" time="0.342" /><testcase classname="tests.test_lpk_mvp.TestAcademics" name="test_classes_enriched" time="0.162" /><testcase classname="tests.test_lpk_mvp.TestAcademics" name="test_attendance_upsert" time="0.781" /><testcase classname="tests.test_lpk_mvp.TestFinance" name="test_reconciliation_selisih" time="0.481" /><testcase classname="tests.test_lpk_mvp.TestFinance" name="test_cashflow" time="0.175" /><testcase classname="tests.test_lpk_mvp.TestJobs" name="test_list_and_candidates" time="0.269" /><testcase classname="tests.test_lpk_mvp.TestAcademics" name="test_grade_computed" time="0.406" /><testcase classname="tests.test_lpk_mvp.TestAcademics" name="test_guru_attendance_own_class_only" time="0.426" /></testsuite></testsuites>